{
  "RSpec": {
    "coverage": {
      "/Users/pdavies/repos/wonderphil/rails-api-template/app/models/user.rb": [
        null,
        null,
        null,
        null,
        null,
        null,
        null,
        null,
        null,
        null,
        null,
        null,
        null,
        null,
        null,
        null,
        null,
        null,
        null,
        null,
        null,
        null,
        null,
        null,
        null,
        null,
        null,
        null,
        null,
        null,
        null,
        null,
        null,
        null,
        null,
        null,
        null,
        1,
        1,
        null,
        null,
        null,
        null,
        null,
        1,
        null,
        1,
        null,
        1,
        0,
        null,
        null,
        1,
        0,
        0,
        0,
        null,
        null,
        null,
        1,
        null,
        1,
        4,
        null,
        null
      ],
      "/Users/pdavies/repos/wonderphil/rails-api-template/app/models/application_record.rb": [
        1,
        1,
        null,
        1,
        null
      ],
      "/Users/pdavies/repos/wonderphil/rails-api-template/app/models/jwt_denylist.rb": [
        null,
        null,
        null,
        null,
        null,
        null,
        null,
        null,
        null,
        null,
        null,
        null,
        null,
        null,
        1,
        1,
        null,
        1,
        null
      ],
      "/Users/pdavies/repos/wonderphil/rails-api-template/app/controllers/api/v1/api_controller.rb": [
        1,
        1,
        1,
        1,
        1,
        null,
        null,
        1,
        1,
        null,
        1,
        1,
        null,
        1,
        1,
        1,
        null,
        1,
        1,
        null,
        null,
        1,
        null,
        1,
        0,
        0,
        null,
        null,
        1,
        0,
        0,
        null,
        null,
        1,
        0,
        0,
        null,
        null,
        null,
        null
      ],
      "/Users/pdavies/repos/wonderphil/rails-api-template/app/controllers/api/concerns/act_as_api_request.rb": [
        1,
        1,
        1,
        1,
        null,
        1,
        1,
        1,
        null,
        null,
        1,
        1,
        null,
        0,
        null,
        null,
        1,
        null,
        null,
        1,
        null,
        null,
        1,
        null,
        0,
        null,
        0,
        null,
        null,
        1,
        null,
        1,
        0,
        null,
        null,
        1,
        1,
        null,
        null,
        1,
        0,
        null,
        null,
        null,
        null
      ],
      "/Users/pdavies/repos/wonderphil/rails-api-template/app/forms/application_form.rb": [
        0,
        0,
        0,
        0,
        0,
        0,
        0,
        0,
        0
      ],
      "/Users/pdavies/repos/wonderphil/rails-api-template/app/mailers/application_mailer.rb": [
        0,
        0,
        0,
        0
      ],
      "/Users/pdavies/repos/wonderphil/rails-api-template/app/decorators/user_decorator.rb": [
        0,
        0,
        0
      ],
      "/Users/pdavies/repos/wonderphil/rails-api-template/app/models/admin_user.rb": [
        0,
        0,
        0,
        0,
        0,
        0,
        0,
        0,
        0,
        0,
        0,
        0,
        0,
        0,
        0,
        0,
        0,
        0,
        0,
        0,
        0,
        0,
        0,
        0
      ],
      "/Users/pdavies/repos/wonderphil/rails-api-template/app/policies/application_policy.rb": [
        0,
        0,
        0,
        0,
        0,
        0,
        0,
        0,
        0,
        0,
        0,
        0,
        0,
        0,
        0,
        0,
        0,
        0,
        0,
        0,
        0,
        0,
        0,
        0,
        0,
        0,
        0,
        0,
        0,
        0,
        0,
        0,
        0,
        0,
        0,
        0,
        0,
        0,
        0,
        0,
        0,
        0,
        0,
        0,
        0,
        0,
        0,
        0,
        0
      ],
      "/Users/pdavies/repos/wonderphil/rails-api-template/app/policies/user_policy.rb": [
        0,
        0,
        0,
        0,
        0,
        0,
        0,
        0,
        0
      ],
      "/Users/pdavies/repos/wonderphil/rails-api-template/app/policies/admin_user_policy.rb": [
        0,
        0
      ],
      "/Users/pdavies/repos/wonderphil/rails-api-template/app/jobs/application_job.rb": [
        0,
        0,
        0,
        0,
        0,
        0,
        0
      ],
      "/Users/pdavies/repos/wonderphil/rails-api-template/app/controllers/application_controller.rb": [
        0,
        0,
        0,
        0,
        0,
        0,
        0,
        0,
        0,
        0,
        0,
        0,
        0
      ],
      "/Users/pdavies/repos/wonderphil/rails-api-template/app/controllers/api/v1/users_controller.rb": [
        0,
        0,
        0,
        0,
        0,
        0,
        0,
        0,
        0,
        0,
        0,
        0,
        0,
        0,
        0,
        0,
        0,
        0,
        0,
        0,
        0,
        0,
        0,
        0
      ],
      "/Users/pdavies/repos/wonderphil/rails-api-template/app/controllers/api/v1/sessions_controller.rb": [
        0,
        0,
        0,
        0,
        0,
        0,
        0,
        0,
        0,
        0,
        0,
        0,
        0,
        0,
        0,
        0,
        0,
        0,
        0,
        0,
        0,
        0,
        0,
        0,
        0,
        0,
        0,
        0,
        0,
        0,
        0
      ],
      "/Users/pdavies/repos/wonderphil/rails-api-template/app/controllers/api/v1/confirmations_controller.rb": [
        0,
        0,
        0,
        0,
        0,
        0,
        0,
        0,
        0
      ],
      "/Users/pdavies/repos/wonderphil/rails-api-template/app/controllers/api/v1/registrations_controller.rb": [
        0,
        0,
        0,
        0,
        0,
        0,
        0,
        0,
        0,
        0,
        0,
        0,
        0,
        0,
        0,
        0,
        0,
        0,
        0,
        0,
        0,
        0,
        0,
        0,
        0,
        0,
        0,
        0
      ],
      "/Users/pdavies/repos/wonderphil/rails-api-template/app/channels/application_cable/connection.rb": [
        0,
        0,
        0,
        0
      ],
      "/Users/pdavies/repos/wonderphil/rails-api-template/app/channels/application_cable/channel.rb": [
        0,
        0,
        0,
        0
      ]
    },
    "timestamp": 1653338627
  }
}
